2024-11-21 14:23:38,257 [INFO] Establishing database connections...
2024-11-21 14:23:38,947 [INFO] Database connections established successfully.
2024-11-21 14:23:38,947 [INFO] Running the ETI pipeline...
2024-11-21 14:23:38,947 [INFO] Starting data extraction for tables: DimUser, FactTransaction, FactVirtualCard...
2024-11-21 14:23:39,302 [INFO] Data extraction completed successfully for tables: DimUser, FactTransaction, FactVirtualCard.
2024-11-21 14:23:39,303 [INFO] Starting data transformation...
2024-11-21 14:23:39,306 [INFO] Data transformation completed successfully.
2024-11-21 14:23:39,307 [INFO] Starting data integration...
2024-11-21 14:23:39,311 [INFO] Data integration completed successfully.
2024-11-21 14:23:39,311 [INFO] Starting data load into the warehouse...
2024-11-21 14:23:41,087 [INFO] Data loaded successfully into IntegratedDataWarehouse.
2024-11-21 14:23:41,088 [INFO] ETI pipeline completed successfully.
2024-11-21 14:23:41,088 [INFO] Database connection closed.
2024-11-21 14:25:50,387 [INFO] Establishing database connections...
2024-11-21 14:25:51,048 [INFO] Database connections established successfully.
2024-11-21 14:25:51,048 [INFO] Running the ETI pipeline...
2024-11-21 14:25:51,048 [INFO] Starting data extraction for tables: DimUser, FactTransaction, FactVirtualCard...
2024-11-21 14:25:51,385 [INFO] Data extraction completed successfully for tables: DimUser, FactTransaction, FactVirtualCard.
2024-11-21 14:25:51,385 [INFO] Starting data transformation...
2024-11-21 14:25:51,396 [INFO] Data transformation completed successfully.
2024-11-21 14:25:51,396 [INFO] Starting data integration...
2024-11-21 14:25:51,403 [INFO] Data integration completed successfully.
2024-11-21 14:25:51,403 [INFO] Starting data load into the warehouse...
2024-11-21 14:25:54,385 [INFO] Data loaded successfully into IntegratedDataWarehouse.
2024-11-21 14:25:54,385 [INFO] ETI pipeline completed successfully.
2024-11-21 14:25:54,385 [INFO] Database connection closed.
2024-11-21 14:40:49,974 [INFO] Establishing database connections...
2024-11-21 14:40:50,685 [INFO] Database connections established successfully.
2024-11-21 14:40:50,685 [INFO] Running the ETI pipeline...
2024-11-21 14:40:50,685 [INFO] Uploading CSV file: user_data_100.csv...
2024-11-21 14:40:50,691 [INFO] File uploaded and converted to DataFrame successfully.
2024-11-21 14:40:50,691 [INFO] Starting data transformation...
2024-11-21 14:40:50,693 [INFO] Data transformation completed successfully.
2024-11-21 14:40:50,694 [INFO] Starting data integration...
2024-11-21 14:40:50,694 [ERROR] Error during data integration: Missing table(s) for integration: FactTransaction, DimUser
2024-11-21 14:40:50,694 [INFO] Database connection closed.
2024-11-21 14:42:26,014 [INFO] Establishing database connections...
2024-11-21 14:42:26,775 [INFO] Database connections established successfully.
2024-11-21 14:42:26,776 [INFO] Running the ETI pipeline...
2024-11-21 14:42:26,776 [INFO] Uploading CSV file: user_data_100.csv...
2024-11-21 14:42:26,783 [INFO] File uploaded and converted to DataFrame successfully.
2024-11-21 14:42:26,783 [INFO] Starting data transformation...
2024-11-21 14:42:26,787 [INFO] Data transformation completed successfully.
2024-11-21 14:42:26,787 [INFO] Starting data integration...
2024-11-21 14:42:26,787 [ERROR] Error during data integration: 'FactTransaction'
2024-11-21 14:42:26,788 [INFO] Database connection closed.
2024-11-21 14:46:18,339 [INFO] Establishing database connections...
2024-11-21 14:46:19,095 [INFO] Database connections established successfully.
2024-11-21 14:46:19,096 [INFO] Running the ETI pipeline...
2024-11-21 14:46:19,096 [INFO] Extracting data from CSV file: user_data_100.csv...
2024-11-21 14:46:19,102 [INFO] Data extraction completed successfully from CSV.
2024-11-21 14:46:19,102 [INFO] Starting data transformation...
2024-11-21 14:46:19,104 [INFO] Data transformation completed successfully.
2024-11-21 14:46:19,105 [INFO] Starting data integration...
2024-11-21 14:46:19,105 [ERROR] Error during data integration: Missing table(s) for integration: FactTransaction, DimUser
2024-11-21 14:46:19,105 [INFO] Database connection closed.
2024-11-21 14:47:28,381 [INFO] Establishing database connections...
2024-11-21 14:47:29,033 [INFO] Database connections established successfully.
2024-11-21 14:47:29,033 [INFO] Running the ETI pipeline...
2024-11-21 14:47:29,033 [INFO] Extracting data from CSV file: user_data_100.csv...
2024-11-21 14:47:29,038 [INFO] Data extracted from CSV with shape: (100, 4)
2024-11-21 14:47:29,038 [INFO] Starting data transformation...
2024-11-21 14:47:29,040 [INFO] Data transformation completed successfully.
2024-11-21 14:47:29,040 [INFO] Starting data integration...
2024-11-21 14:47:29,040 [ERROR] Error during data integration: Missing table(s) for integration: FactTransaction, DimUser
2024-11-21 14:47:29,040 [INFO] Database connection closed.
2024-11-21 14:49:44,085 [INFO] Establishing database connections...
2024-11-21 14:49:44,731 [INFO] Database connections established successfully.
2024-11-21 14:49:44,731 [INFO] Running the ETI pipeline...
2024-11-21 14:49:44,731 [INFO] Starting data extraction for tables: DimUser, FactTransaction, FactVirtualCard...
2024-11-21 14:49:45,066 [INFO] Data extraction completed successfully for tables: DimUser, FactTransaction, FactVirtualCard.
2024-11-21 14:49:45,067 [INFO] Starting data transformation...
2024-11-21 14:49:45,070 [INFO] Data transformation completed successfully.
2024-11-21 14:49:45,070 [INFO] Starting data integration...
2024-11-21 14:49:45,074 [INFO] Data integration completed successfully.
2024-11-21 14:49:45,074 [INFO] Starting data load into the warehouse...
2024-11-21 14:49:48,108 [INFO] Data loaded successfully into IntegratedDataWarehouse.
2024-11-21 14:49:48,109 [INFO] ETI pipeline completed successfully.
2024-11-21 14:49:48,109 [INFO] Database connection closed.
2024-11-21 14:55:34,256 [INFO] Establishing database connections...
2024-11-21 14:55:34,960 [INFO] Database connections established successfully.
2024-11-21 14:55:34,961 [INFO] Starting CSV upload from user_data_100_extended.csv to table DimUser...
2024-11-21 14:55:36,665 [INFO] CSV uploaded successfully to table DimUser.
2024-11-21 14:55:36,666 [INFO] Running the ETI pipeline...
2024-11-21 14:55:36,666 [INFO] Starting data extraction for tables: DimUser, FactTransaction, FactVirtualCard...
2024-11-21 14:55:36,991 [INFO] Data extraction completed successfully for tables: DimUser, FactTransaction, FactVirtualCard.
2024-11-21 14:55:36,991 [INFO] Starting data transformation...
2024-11-21 14:55:37,004 [INFO] Data transformation completed successfully.
2024-11-21 14:55:37,004 [INFO] Starting data integration...
2024-11-21 14:55:37,014 [INFO] Data integration completed successfully.
2024-11-21 14:55:37,015 [INFO] Starting data load into the warehouse...
2024-11-21 14:55:38,882 [INFO] Data loaded successfully into IntegratedDataWarehouse.
2024-11-21 14:55:38,883 [INFO] ETI pipeline completed successfully.
2024-11-21 14:55:38,883 [INFO] Database connection closed.
2024-11-21 15:10:20,573 [INFO] Establishing database connections...
2024-11-21 15:10:21,233 [INFO] Database connections established successfully.
2024-11-21 15:10:21,233 [INFO] Starting CSV upload from user_data_100_extended.csv to table DimUser...
2024-11-21 15:10:24,219 [INFO] CSV uploaded successfully to table DimUser.
2024-11-21 15:10:24,220 [INFO] Starting JSON upload from user_data_100_extended.json to table DimUser...
2024-11-21 15:10:25,990 [INFO] JSON uploaded successfully to table DimUser.
2024-11-21 15:10:25,991 [INFO] Running the ETI pipeline...
2024-11-21 15:10:25,991 [INFO] Starting data extraction for tables: DimUser, FactTransaction, FactVirtualCard...
2024-11-21 15:10:26,315 [INFO] Data extraction completed successfully for tables: DimUser, FactTransaction, FactVirtualCard.
2024-11-21 15:10:26,316 [INFO] Starting data transformation...
2024-11-21 15:10:26,326 [INFO] Data transformation completed successfully.
2024-11-21 15:10:26,326 [INFO] Starting data integration...
2024-11-21 15:10:26,337 [INFO] Data integration completed successfully.
2024-11-21 15:10:26,338 [INFO] Starting data load into the warehouse...
2024-11-21 15:10:28,112 [INFO] Data loaded successfully into IntegratedDataWarehouse.
2024-11-21 15:10:28,112 [INFO] ETI pipeline completed successfully.
2024-11-21 15:10:28,112 [INFO] Database connection closed.
2024-11-21 15:21:22,139 [INFO] Establishing database connections...
2024-11-21 15:21:22,753 [INFO] Database connections established successfully.
2024-11-21 15:21:22,753 [INFO] Starting CSV upload from user_data_100_extended.csv to table DimUser...
2024-11-21 15:21:25,681 [INFO] CSV uploaded successfully to table DimUser.
2024-11-21 15:21:25,682 [INFO] Starting JSON upload from user_data_100_extended.json to table DimUser...
2024-11-21 15:21:27,457 [INFO] JSON uploaded successfully to table DimUser.
2024-11-21 15:21:27,458 [INFO] Starting SQL upload from users.sql to table DimUser...
2024-11-21 15:21:27,725 [ERROR] Error during SQL upload: syntax error at or near "1"
LINE 20:             (1, 'arthur62', 'Bethany', 'Payne', 'jennifer43@...
                      ^

2024-11-21 15:28:51,188 [INFO] Establishing database connections...
2024-11-21 15:28:51,838 [INFO] Database connections established successfully.
2024-11-21 15:28:51,838 [INFO] Starting CSV upload from user_data_100_extended.csv to table DimUser...
2024-11-21 15:28:54,905 [INFO] CSV uploaded successfully to table DimUser.
2024-11-21 15:28:54,906 [INFO] Starting JSON upload from user_data_100_extended.json to table DimUser...
2024-11-21 15:28:56,726 [INFO] JSON uploaded successfully to table DimUser.
2024-11-21 15:28:56,726 [INFO] Starting SQL upload from users.sql...
2024-11-21 15:28:57,018 [ERROR] Error during SQL upload: syntax error at or near "1"
LINE 20:             (1, 'edwin21', 'Laura', 'Dunn', 'leslie15@exampl...
                      ^

2024-11-21 15:31:52,615 [INFO] Establishing database connections...
2024-11-21 15:31:53,263 [INFO] Database connections established successfully.
2024-11-21 15:31:53,263 [INFO] Starting CSV upload from user_data_100_extended.csv to table DimUser...
2024-11-21 15:31:56,348 [INFO] CSV uploaded successfully to table DimUser.
2024-11-21 15:31:56,349 [INFO] Starting JSON upload from user_data_100_extended.json to table DimUser...
2024-11-21 15:31:58,382 [INFO] JSON uploaded successfully to table DimUser.
2024-11-21 15:31:58,383 [INFO] Starting SQL upload from users.sql...
2024-11-21 15:31:58,653 [ERROR] Error during SQL upload: column "userid" of relation "dimuser" does not exist
LINE 20:     UserID, Username, FirstName, LastName, Email, PhoneNumbe...
             ^

2024-11-21 15:37:51,993 [INFO] Establishing database connections...
2024-11-21 15:37:52,641 [INFO] Database connections established successfully.
2024-11-21 15:37:52,641 [INFO] Starting CSV upload from user_data_100_extended.csv to table DimUser...
2024-11-21 15:37:55,772 [INFO] CSV uploaded successfully to table DimUser.
2024-11-21 15:37:55,773 [INFO] Starting JSON upload from user_data_100_extended.json to table DimUser...
2024-11-21 15:37:57,634 [INFO] JSON uploaded successfully to table DimUser.
2024-11-21 15:37:57,634 [INFO] Starting SQL upload from users.sql...
2024-11-21 15:37:57,946 [INFO] SQL uploaded successfully from users.sql.
2024-11-21 15:37:57,947 [INFO] Running the ETI pipeline...
2024-11-21 15:37:57,947 [INFO] Starting data extraction for tables: DimUser, FactTransaction, FactVirtualCard...
2024-11-21 15:37:58,372 [INFO] Data extraction completed successfully for tables: DimUser, FactTransaction, FactVirtualCard.
2024-11-21 15:37:58,373 [INFO] Starting data transformation...
2024-11-21 15:37:58,381 [INFO] Data transformation completed successfully.
2024-11-21 15:37:58,381 [INFO] Starting data integration...
2024-11-21 15:37:58,390 [INFO] Data integration completed successfully.
2024-11-21 15:37:58,390 [INFO] Starting data load into the warehouse...
2024-11-21 15:38:00,367 [INFO] Data loaded successfully into IntegratedDataWarehouse.
2024-11-21 15:38:00,368 [INFO] ETI pipeline completed successfully.
2024-11-21 15:38:00,368 [INFO] Database connection closed.
2024-11-21 17:17:56,517 [INFO] Establishing database connections...
2024-11-21 17:17:57,263 [INFO] Database connections established successfully.
2024-11-21 17:17:57,263 [INFO] Starting CSV upload from user_data_100_extended.csv to table DimUser...
2024-11-21 17:18:00,464 [INFO] CSV uploaded successfully to table DimUser.
2024-11-21 17:18:00,464 [INFO] Starting JSON upload from user_data_100_extended.json to table DimUser...
2024-11-21 17:18:02,304 [INFO] JSON uploaded successfully to table DimUser.
2024-11-21 17:18:02,305 [INFO] Starting SQL upload from users.sql...
2024-11-21 17:18:02,661 [INFO] SQL uploaded successfully from users.sql.
2024-11-21 17:18:02,662 [INFO] Running the ETI pipeline...
2024-11-21 17:18:02,662 [INFO] Starting data extraction for tables: DimUser, FactTransaction, FactVirtualCard...
2024-11-21 17:18:03,086 [INFO] Data extraction completed successfully for tables: DimUser, FactTransaction, FactVirtualCard.
2024-11-21 17:18:03,086 [INFO] Starting data transformation...
2024-11-21 17:18:03,108 [INFO] Data transformation completed successfully.
2024-11-21 17:18:03,108 [INFO] Starting data integration...
2024-11-21 17:18:03,123 [INFO] Data integration completed successfully.
2024-11-21 17:18:03,123 [INFO] Starting data load into the warehouse...
2024-11-21 17:18:05,015 [INFO] Data loaded successfully into IntegratedDataWarehouse.
2024-11-21 17:18:05,015 [INFO] ETI pipeline completed successfully.
2024-11-21 17:18:05,016 [INFO] Database connection closed.
